0 info it worked if it ends with ok
1 verbose cli [ 'node', '/usr/local/bin/npm', 'install', 'httpServers' ]
2 info using npm@1.3.21
3 info using node@v0.10.24
4 verbose cache add [ 'httpServers', null ]
5 verbose cache add name=undefined spec="httpServers" args=["httpServers",null]
6 verbose parsed url { protocol: null,
6 verbose parsed url   slashes: null,
6 verbose parsed url   auth: null,
6 verbose parsed url   host: null,
6 verbose parsed url   port: null,
6 verbose parsed url   hostname: null,
6 verbose parsed url   hash: null,
6 verbose parsed url   search: null,
6 verbose parsed url   query: null,
6 verbose parsed url   pathname: 'httpServers',
6 verbose parsed url   path: 'httpServers',
6 verbose parsed url   href: 'httpServers' }
7 silly lockFile 4e07e4ae-httpServers httpServers
8 verbose lock httpServers /Users/thomasburleson/.npm/4e07e4ae-httpServers.lock
9 silly lockFile 4e07e4ae-httpServers httpServers
10 silly lockFile 4e07e4ae-httpServers httpServers
11 verbose addNamed [ 'httpServers', '' ]
12 verbose addNamed [ null, '*' ]
13 silly lockFile 6632676d-httpServers httpServers@
14 verbose lock httpServers@ /Users/thomasburleson/.npm/6632676d-httpServers.lock
15 silly addNameRange { name: 'httpServers', range: '*', hasData: false }
16 verbose url raw httpServers
17 verbose url resolving [ 'https://registry.npmjs.org/', './httpServers' ]
18 verbose url resolved https://registry.npmjs.org/httpServers
19 info trying registry request attempt 1 at 16:46:25
20 http GET https://registry.npmjs.org/httpServers
21 http 404 https://registry.npmjs.org/httpServers
22 silly registry.get cb [ 404,
22 silly registry.get   { date: 'Wed, 29 Jan 2014 22:46:03 GMT',
22 silly registry.get     server: 'CouchDB/1.5.0 (Erlang OTP/R15B03)',
22 silly registry.get     'content-type': 'application/json',
22 silly registry.get     'cache-control': 'max-age=0',
22 silly registry.get     'content-length': '52',
22 silly registry.get     'accept-ranges': 'bytes',
22 silly registry.get     via: '1.1 varnish',
22 silly registry.get     age: '0',
22 silly registry.get     'x-served-by': 'cache-c48-CHI',
22 silly registry.get     'x-cache': 'MISS',
22 silly registry.get     'x-cache-hits': '0',
22 silly registry.get     'x-timer': 'S1391035563.606622934,VS0,VE37',
22 silly registry.get     'keep-alive': 'timeout=10, max=50',
22 silly registry.get     connection: 'Keep-Alive' } ]
23 silly lockFile 6632676d-httpServers httpServers@
24 silly lockFile 6632676d-httpServers httpServers@
25 error 404 'httpServers' is not in the npm registry.
25 error 404 You should bug the author to publish it
25 error 404
25 error 404 Note that you can also install from a
25 error 404 tarball, folder, or http url, or git url.
26 error System Darwin 13.0.2
27 error command "node" "/usr/local/bin/npm" "install" "httpServers"
28 error cwd /Users/thomasburleson/Documents/dev/javascript/samples/angular/angularjs-Quizzler/tools/webserver
29 error node -v v0.10.24
30 error npm -v 1.3.21
31 error code E404
32 verbose exit [ 1, true ]
